#
# There is insufficient memory for the Java Runtime Environment to continue.
# Native memory allocation (malloc) failed to allocate 883856 bytes for Chunk::new
# Possible reasons:
#   The system is out of physical RAM or swap space
#   The process is running with CompressedOops enabled, and the Java Heap may be blocking the growth of the native heap
# Possible solutions:
#   Reduce memory load on the system
#   Increase physical memory or swap space
#   Check if swap backing store is full
#   Decrease Java heap size (-Xmx/-Xms)
#   Decrease number of Java threads
#   Decrease Java thread stack sizes (-Xss)
#   Set larger code cache with -XX:ReservedCodeCacheSize=
#   JVM is running with Unscaled Compressed Oops mode in which the Java heap is
#     placed in the first 4GB address space. The Java Heap base address is the
#     maximum limit for the native heap growth. Please use -XX:HeapBaseMinAddress
#     to set the Java Heap base and to place the Java Heap above 4GB virtual address.
# This output file may be truncated or incomplete.
#
#  Out of Memory Error (allocation.cpp:389), pid=8588, tid=0x0000000000003638
#
# JRE version: OpenJDK Runtime Environment (8.0_242-b01) (build 1.8.0_242-release-1644-b01)
# Java VM: OpenJDK 64-Bit Server VM (25.242-b01 mixed mode windows-amd64 compressed oops)
# Failed to write core dump. Minidumps are not enabled by default on client versions of Windows
#

---------------  T H R E A D  ---------------

Current thread (0x0000000018181800):  JavaThread "C2 CompilerThread0" daemon [_thread_in_native, id=13880, stack(0x0000000018a50000,0x0000000018b50000)]

Stack: [0x0000000018a50000,0x0000000018b50000]
[error occurred during error reporting (printing stack bounds), id 0xc0000005]

Native frames: (J=compiled Java code, j=interpreted, Vv=VM code, C=native code)


Current CompileTask:
C2:  12251 3470       4       org.objectweb.asm.Frame::execute (2318 bytes)


---------------  P R O C E S S  ---------------

Java Threads: ( => current thread )
  0x000000001a5a0000 JavaThread "Cache worker for file content cache (C:\Users\muatazmedini\.gradle\caches\6.5\fileContent)" [_thread_blocked, id=33876, stack(0x0000000022a70000,0x0000000022b70000)]
  0x000000001a59f000 JavaThread "Cache worker for execution history cache (C:\Users\muatazmedini\.gradle\caches\6.5\executionHistory)" [_thread_blocked, id=1864, stack(0x0000000022570000,0x0000000022670000)]
  0x000000001928b800 JavaThread "Cache worker for cache directory md-rule (C:\Users\muatazmedini\.gradle\caches\6.5\md-rule)" [_thread_blocked, id=18688, stack(0x0000000022270000,0x0000000022370000)]
  0x000000001928a800 JavaThread "Cache worker for cache directory md-supplier (C:\Users\muatazmedini\.gradle\caches\6.5\md-supplier)" [_thread_blocked, id=35744, stack(0x0000000022170000,0x0000000022270000)]
  0x000000001928c000 JavaThread "Cache worker for checksums cache (D:\Work\Vithamas\Projects\vithamas_android\smartLight\SourceCodes\SmartLight\.gradle\checksums)" [_thread_blocked, id=32856, stack(0x0000000022070000,0x0000000022170000)]
  0x000000001928a000 JavaThread "jar transforms Thread 23" [_thread_blocked, id=28732, stack(0x0000000021d70000,0x0000000021e70000)]
  0x0000000019289000 JavaThread "jar transforms Thread 22" [_thread_blocked, id=956, stack(0x0000000021c70000,0x0000000021d70000)]
  0x0000000019281800 JavaThread "jar transforms Thread 21" [_thread_blocked, id=432, stack(0x0000000021b70000,0x0000000021c70000)]
  0x0000000019288800 JavaThread "jar transforms Thread 20" [_thread_blocked, id=11384, stack(0x0000000021a70000,0x0000000021b70000)]
  0x0000000019281000 JavaThread "jar transforms Thread 19" [_thread_blocked, id=26112, stack(0x0000000021970000,0x0000000021a70000)]
  0x0000000019287800 JavaThread "jar transforms Thread 18" [_thread_blocked, id=18756, stack(0x0000000021870000,0x0000000021970000)]
  0x0000000019284800 JavaThread "jar transforms Thread 17" [_thread_blocked, id=27576, stack(0x0000000021770000,0x0000000021870000)]
  0x0000000019287000 JavaThread "jar transforms Thread 16" [_thread_blocked, id=35980, stack(0x0000000021670000,0x0000000021770000)]
  0x0000000019282800 JavaThread "jar transforms Thread 15" [_thread_blocked, id=35760, stack(0x0000000021570000,0x0000000021670000)]
  0x0000000019280000 JavaThread "jar transforms Thread 14" [_thread_blocked, id=10584, stack(0x0000000021470000,0x0000000021570000)]
  0x000000001927f800 JavaThread "jar transforms Thread 13" [_thread_blocked, id=36428, stack(0x0000000021370000,0x0000000021470000)]
  0x0000000019286000 JavaThread "jar transforms Thread 12" [_thread_blocked, id=25272, stack(0x0000000021270000,0x0000000021370000)]
  0x0000000019285800 JavaThread "jar transforms Thread 11" [_thread_blocked, id=34836, stack(0x0000000021170000,0x0000000021270000)]
  0x000000001927e800 JavaThread "jar transforms Thread 10" [_thread_blocked, id=23452, stack(0x0000000021070000,0x0000000021170000)]
  0x000000001927d000 JavaThread "jar transforms Thread 9" [_thread_blocked, id=31824, stack(0x0000000020f70000,0x0000000021070000)]
  0x000000001927e000 JavaThread "jar transforms Thread 8" [_thread_blocked, id=37028, stack(0x0000000020e70000,0x0000000020f70000)]
  0x0000000019283000 JavaThread "jar transforms Thread 7" [_thread_blocked, id=26508, stack(0x0000000020d70000,0x0000000020e70000)]
  0x0000000019284000 JavaThread "jar transforms Thread 6" [_thread_blocked, id=32316, stack(0x0000000020c70000,0x0000000020d70000)]
  0x0000000018196800 JavaThread "jar transforms Thread 5" [_thread_blocked, id=31856, stack(0x0000000020b70000,0x0000000020c70000)]
  0x0000000018195800 JavaThread "jar transforms Thread 4" [_thread_blocked, id=5572, stack(0x000000001f710000,0x000000001f810000)]
  0x0000000018190800 JavaThread "jar transforms Thread 3" [_thread_blocked, id=36796, stack(0x000000001f610000,0x000000001f710000)]
  0x0000000018195000 JavaThread "jar transforms Thread 2" [_thread_blocked, id=35188, stack(0x000000001f510000,0x000000001f610000)]
  0x0000000018194000 JavaThread "jar transforms" [_thread_blocked, id=35136, stack(0x000000001f410000,0x000000001f510000)]
  0x0000000018192000 JavaThread "Cache worker for file hash cache (D:\Work\Vithamas\Projects\vithamas_android\smartLight\SourceCodes\SmartLight\.gradle\6.5\fileHashes)" [_thread_blocked, id=34752, stack(0x0000000020a70000,0x0000000020b70000)]
  0x000000001818f800 JavaThread "Cache worker for file hash cache (C:\Users\muatazmedini\.gradle\caches\6.5\fileHashes)" [_thread_blocked, id=32244, stack(0x000000001d170000,0x000000001d270000)]
  0x0000000018193800 JavaThread "File lock request listener" [_thread_in_native, id=36280, stack(0x000000001d070000,0x000000001d170000)]
  0x00000000195e6800 JavaThread "Cache worker for journal cache (C:\Users\muatazmedini\.gradle\caches\journal-1)" [_thread_blocked, id=30012, stack(0x000000001cf70000,0x000000001d070000)]
  0x000000001a04f000 JavaThread "Thread-9" [_thread_blocked, id=10016, stack(0x000000001cc70000,0x000000001cd70000)]
  0x000000001a04c800 JavaThread "Stdin handler" [_thread_blocked, id=24716, stack(0x000000001cb70000,0x000000001cc70000)]
  0x00000000190b9800 JavaThread "Asynchronous log dispatcher for DefaultDaemonConnection: socket connection from /127.0.0.1:64171 to /127.0.0.1:64172" [_thread_blocked, id=25416, stack(0x000000001ca70000,0x000000001cb70000)]
  0x00000000190b8000 JavaThread "Daemon worker" [_thread_in_vm, id=11172, stack(0x000000001c970000,0x000000001ca70000)]
  0x000000001a043800 JavaThread "Cancel handler" [_thread_blocked, id=34824, stack(0x000000001c770000,0x000000001c870000)]
  0x0000000019f1c000 JavaThread "Handler for socket connection from /127.0.0.1:64171 to /127.0.0.1:64172" [_thread_in_native, id=2548, stack(0x000000001c670000,0x000000001c770000)]
  0x0000000019f19800 JavaThread "Daemon" [_thread_blocked, id=5100, stack(0x000000001c570000,0x000000001c670000)]
  0x000000001abff800 JavaThread "Daemon periodic checks" [_thread_blocked, id=20544, stack(0x000000001c270000,0x000000001c370000)]
  0x000000001abfe000 JavaThread "Incoming local TCP Connector on port 64171" [_thread_in_native, id=36488, stack(0x000000001c030000,0x000000001c130000)]
  0x000000001ab77800 JavaThread "Daemon health stats" [_thread_blocked, id=29276, stack(0x000000001b9f0000,0x000000001baf0000)]
  0x000000001821f000 JavaThread "Service Thread" daemon [_thread_blocked, id=31900, stack(0x0000000018e50000,0x0000000018f50000)]
  0x0000000018192800 JavaThread "C1 CompilerThread3" daemon [_thread_blocked, id=5028, stack(0x0000000018d50000,0x0000000018e50000)]
  0x0000000018191000 JavaThread "C2 CompilerThread2" daemon [_thread_in_native, id=32084, stack(0x0000000018c50000,0x0000000018d50000)]
  0x0000000018187800 JavaThread "C2 CompilerThread1" daemon [_thread_blocked, id=31560, stack(0x0000000018b50000,0x0000000018c50000)]
=>0x0000000018181800 JavaThread "C2 CompilerThread0" daemon [_thread_in_native, id=13880, stack(0x0000000018a50000,0x0000000018b50000)]
  0x0000000018180000 JavaThread "Attach Listener" daemon [_thread_blocked, id=9156, stack(0x0000000018950000,0x0000000018a50000)]
  0x000000001817f000 JavaThread "Signal Dispatcher" daemon [_thread_blocked, id=20356, stack(0x0000000018850000,0x0000000018950000)]
  0x0000000018170800 JavaThread "Finalizer" daemon [_thread_blocked, id=37352, stack(0x0000000018650000,0x0000000018750000)]
  0x00000000025b7000 JavaThread "Reference Handler" daemon [_thread_blocked, id=36116, stack(0x0000000018550000,0x0000000018650000)]
  0x00000000024c2800 JavaThread "main" [_thread_blocked, id=37064, stack(0x0000000002360000,0x0000000002460000)]

Other Threads:
  0x0000000016376800 VMThread [stack: 0x0000000018050000,0x0000000018150000] [id=28752]
  0x000000001821f800 WatcherThread [stack: 0x0000000018f50000,0x0000000019050000] [id=29196]

VM state:not at safepoint (normal execution)

VM Mutex/Monitor currently owned by a thread: None

heap address: 0x00000000a0000000, size: 1536 MB, Compressed Oops mode: 32-bit
Narrow klass base: 0x0000000000000000, Narrow klass shift: 3
Compressed class space size: 1073741824 Address: 0x0000000100000000

Heap:
 PSYoungGen      total 126976K, used 70894K [0x00000000e0000000, 0x00000000e8880000, 0x0000000100000000)
  eden space 114176K, 62% used [0x00000000e0000000,0x00000000e453bb38,0x00000000e6f80000)
  from space 12800K, 0% used [0x00000000e6f80000,0x00000000e6f80000,0x00000000e7c00000)
  to   space 11264K, 0% used [0x00000000e7d80000,0x00000000e7d80000,0x00000000e8880000)
 ParOldGen       total 85504K, used 14438K [0x00000000a0000000, 0x00000000a5380000, 0x00000000e0000000)
  object space 85504K, 16% used [0x00000000a0000000,0x00000000a0e19b88,0x00000000a5380000)
 Metaspace       used 38807K, capacity 40236K, committed 40280K, reserved 1083392K
  class space    used 5146K, capacity 5486K, committed 5504K, reserved 1048576K

Card table byte_map: [0x0000000011980000,0x0000000011c90000] byte_map_base: 0x0000000011480000

Marking Bits: (ParMarkBitMap*) 0x000000006f21f030
 Begin Bits: [0x0000000012690000, 0x0000000013e90000)
 End Bits:   [0x0000000013e90000, 0x0000000015690000)

Polling page: 0x0000000000ae0000

CodeCache: size=245760Kb used=12050Kb max_used=12061Kb free=233709Kb
 bounds [0x00000000025c0000, 0x00000000031a0000, 0x00000000115c0000]
 total_blobs=3963 nmethods=3239 adapters=635
 compilation: enabled

Compilation events (10 events):
Event: 12.206 Thread 0x0000000018192800 3517       3       com.google.common.reflect.TypeResolver$TypeMappingIntrospector::visitClass (24 bytes)
Event: 12.207 Thread 0x0000000018192800 nmethod 3517 0x0000000003178710 code [0x0000000003178920, 0x0000000003179328]
Event: 12.216 Thread 0x0000000018192800 3518       3       com.google.common.cache.LocalCache::usesAccessQueue (20 bytes)
Event: 12.216 Thread 0x0000000018192800 nmethod 3518 0x000000000317b350 code [0x000000000317b4c0, 0x000000000317b850]
Event: 12.232 Thread 0x0000000018192800 3519       3       jdk.internal.org.objectweb.asm.ClassWriter::visitField (16 bytes)
Event: 12.232 Thread 0x0000000018192800 nmethod 3519 0x00000000031781d0 code [0x0000000003178340, 0x0000000003178568]
Event: 12.232 Thread 0x0000000018192800 3520       3       jdk.internal.org.objectweb.asm.FieldWriter::<init> (97 bytes)
Event: 12.233 Thread 0x0000000018192800 nmethod 3520 0x000000000317aa50 code [0x000000000317ac00, 0x000000000317b0e8]
Event: 12.244 Thread 0x0000000018192800 3521       3       java.util.concurrent.locks.AbstractQueuedSynchronizer$Node::<init> (15 bytes)
Event: 12.245 Thread 0x0000000018192800 nmethod 3521 0x000000000317a690 code [0x000000000317a7e0, 0x000000000317a9b0]

GC Heap History (10 events):
Event: 7.968 GC heap before
{Heap before GC invocations=5 (full 1):
 PSYoungGen      total 75776K, used 7433K [0x00000000e0000000, 0x00000000e5480000, 0x0000000100000000)
  eden space 65024K, 0% used [0x00000000e0000000,0x00000000e0000000,0x00000000e3f80000)
  from space 10752K, 69% used [0x00000000e4a00000,0x00000000e51424e8,0x00000000e5480000)
  to   space 10752K, 0% used [0x00000000e3f80000,0x00000000e3f80000,0x00000000e4a00000)
 ParOldGen       total 173568K, used 719K [0x00000000a0000000, 0x00000000aa980000, 0x00000000e0000000)
  object space 173568K, 0% used [0x00000000a0000000,0x00000000a00b3e78,0x00000000aa980000)
 Metaspace       used 20496K, capacity 21210K, committed 21248K, reserved 1067008K
  class space    used 2855K, capacity 3035K, committed 3072K, reserved 1048576K
Event: 8.023 GC heap after
Heap after GC invocations=5 (full 1):
 PSYoungGen      total 75776K, used 0K [0x00000000e0000000, 0x00000000e5480000, 0x0000000100000000)
  eden space 65024K, 0% used [0x00000000e0000000,0x00000000e0000000,0x00000000e3f80000)
  from space 10752K, 0% used [0x00000000e4a00000,0x00000000e4a00000,0x00000000e5480000)
  to   space 10752K, 0% used [0x00000000e3f80000,0x00000000e3f80000,0x00000000e4a00000)
 ParOldGen       total 85504K, used 7233K [0x00000000a0000000, 0x00000000a5380000, 0x00000000e0000000)
  object space 85504K, 8% used [0x00000000a0000000,0x00000000a0710638,0x00000000a5380000)
 Metaspace       used 20496K, capacity 21210K, committed 21248K, reserved 1067008K
  class space    used 2855K, capacity 3035K, committed 3072K, reserved 1048576K
}
Event: 9.214 GC heap before
{Heap before GC invocations=6 (full 1):
 PSYoungGen      total 75776K, used 65024K [0x00000000e0000000, 0x00000000e5480000, 0x0000000100000000)
  eden space 65024K, 100% used [0x00000000e0000000,0x00000000e3f80000,0x00000000e3f80000)
  from space 10752K, 0% used [0x00000000e4a00000,0x00000000e4a00000,0x00000000e5480000)
  to   space 10752K, 0% used [0x00000000e3f80000,0x00000000e3f80000,0x00000000e4a00000)
 ParOldGen       total 85504K, used 7233K [0x00000000a0000000, 0x00000000a5380000, 0x00000000e0000000)
  object space 85504K, 8% used [0x00000000a0000000,0x00000000a0710638,0x00000000a5380000)
 Metaspace       used 24502K, capacity 25578K, committed 25856K, reserved 1071104K
  class space    used 3482K, capacity 3765K, committed 3840K, reserved 1048576K
Event: 9.220 GC heap after
Heap after GC invocations=6 (full 1):
 PSYoungGen      total 75776K, used 5603K [0x00000000e0000000, 0x00000000e8a00000, 0x0000000100000000)
  eden space 65024K, 0% used [0x00000000e0000000,0x00000000e0000000,0x00000000e3f80000)
  from space 10752K, 52% used [0x00000000e3f80000,0x00000000e44f8f38,0x00000000e4a00000)
  to   space 12800K, 0% used [0x00000000e7d80000,0x00000000e7d80000,0x00000000e8a00000)
 ParOldGen       total 85504K, used 7241K [0x00000000a0000000, 0x00000000a5380000, 0x00000000e0000000)
  object space 85504K, 8% used [0x00000000a0000000,0x00000000a0712638,0x00000000a5380000)
 Metaspace       used 24502K, capacity 25578K, committed 25856K, reserved 1071104K
  class space    used 3482K, capacity 3765K, committed 3840K, reserved 1048576K
}
Event: 10.572 GC heap before
{Heap before GC invocations=7 (full 1):
 PSYoungGen      total 75776K, used 70627K [0x00000000e0000000, 0x00000000e8a00000, 0x0000000100000000)
  eden space 65024K, 100% used [0x00000000e0000000,0x00000000e3f80000,0x00000000e3f80000)
  from space 10752K, 52% used [0x00000000e3f80000,0x00000000e44f8f38,0x00000000e4a00000)
  to   space 12800K, 0% used [0x00000000e7d80000,0x00000000e7d80000,0x00000000e8a00000)
 ParOldGen       total 85504K, used 7241K [0x00000000a0000000, 0x00000000a5380000, 0x00000000e0000000)
  object space 85504K, 8% used [0x00000000a0000000,0x00000000a0712638,0x00000000a5380000)
 Metaspace       used 32635K, capacity 33754K, committed 33920K, reserved 1079296K
  class space    used 4406K, capacity 4700K, committed 4736K, reserved 1048576K
Event: 10.589 GC heap after
Heap after GC invocations=7 (full 1):
 PSYoungGen      total 125440K, used 9817K [0x00000000e0000000, 0x00000000e8880000, 0x0000000100000000)
  eden space 114176K, 0% used [0x00000000e0000000,0x00000000e0000000,0x00000000e6f80000)
  from space 11264K, 87% used [0x00000000e7d80000,0x00000000e87165d8,0x00000000e8880000)
  to   space 12800K, 0% used [0x00000000e6f80000,0x00000000e6f80000,0x00000000e7c00000)
 ParOldGen       total 85504K, used 7249K [0x00000000a0000000, 0x00000000a5380000, 0x00000000e0000000)
  object space 85504K, 8% used [0x00000000a0000000,0x00000000a0714638,0x00000000a5380000)
 Metaspace       used 32635K, capacity 33754K, committed 33920K, reserved 1079296K
  class space    used 4406K, capacity 4700K, committed 4736K, reserved 1048576K
}
Event: 10.919 GC heap before
{Heap before GC invocations=8 (full 1):
 PSYoungGen      total 125440K, used 29070K [0x00000000e0000000, 0x00000000e8880000, 0x0000000100000000)
  eden space 114176K, 16% used [0x00000000e0000000,0x00000000e12cd4d8,0x00000000e6f80000)
  from space 11264K, 87% used [0x00000000e7d80000,0x00000000e87165d8,0x00000000e8880000)
  to   space 12800K, 0% used [0x00000000e6f80000,0x00000000e6f80000,0x00000000e7c00000)
 ParOldGen       total 85504K, used 7249K [0x00000000a0000000, 0x00000000a5380000, 0x00000000e0000000)
  object space 85504K, 8% used [0x00000000a0000000,0x00000000a0714638,0x00000000a5380000)
 Metaspace       used 34173K, capacity 35320K, committed 35416K, reserved 1079296K
  class space    used 4604K, capacity 4913K, committed 4992K, reserved 1048576K
Event: 10.931 GC heap after
Heap after GC invocations=8 (full 1):
 PSYoungGen      total 126976K, used 8008K [0x00000000e0000000, 0x00000000e8880000, 0x0000000100000000)
  eden space 114176K, 0% used [0x00000000e0000000,0x00000000e0000000,0x00000000e6f80000)
  from space 12800K, 62% used [0x00000000e6f80000,0x00000000e7752328,0x00000000e7c00000)
  to   space 11264K, 0% used [0x00000000e7d80000,0x00000000e7d80000,0x00000000e8880000)
 ParOldGen       total 85504K, used 7257K [0x00000000a0000000, 0x00000000a5380000, 0x00000000e0000000)
  object space 85504K, 8% used [0x00000000a0000000,0x00000000a0716638,0x00000000a5380000)
 Metaspace       used 34173K, capacity 35320K, committed 35416K, reserved 1079296K
  class space    used 4604K, capacity 4913K, committed 4992K, reserved 1048576K
}
Event: 10.932 GC heap before
{Heap before GC invocations=9 (full 2):
 PSYoungGen      total 126976K, used 8008K [0x00000000e0000000, 0x00000000e8880000, 0x0000000100000000)
  eden space 114176K, 0% used [0x00000000e0000000,0x00000000e0000000,0x00000000e6f80000)
  from space 12800K, 62% used [0x00000000e6f80000,0x00000000e7752328,0x00000000e7c00000)
  to   space 11264K, 0% used [0x00000000e7d80000,0x00000000e7d80000,0x00000000e8880000)
 ParOldGen       total 85504K, used 7257K [0x00000000a0000000, 0x00000000a5380000, 0x00000000e0000000)
  object space 85504K, 8% used [0x00000000a0000000,0x00000000a0716638,0x00000000a5380000)
 Metaspace       used 34173K, capacity 35320K, committed 35416K, reserved 1079296K
  class space    used 4604K, capacity 4913K, committed 4992K, reserved 1048576K
Event: 11.006 GC heap after
Heap after GC invocations=9 (full 2):
 PSYoungGen      total 126976K, used 0K [0x00000000e0000000, 0x00000000e8880000, 0x0000000100000000)
  eden space 114176K, 0% used [0x00000000e0000000,0x00000000e0000000,0x00000000e6f80000)
  from space 12800K, 0% used [0x00000000e6f80000,0x00000000e6f80000,0x00000000e7c00000)
  to   space 11264K, 0% used [0x00000000e7d80000,0x00000000e7d80000,0x00000000e8880000)
 ParOldGen       total 85504K, used 14438K [0x00000000a0000000, 0x00000000a5380000, 0x00000000e0000000)
  object space 85504K, 16% used [0x00000000a0000000,0x00000000a0e19b88,0x00000000a5380000)
 Metaspace       used 34173K, capacity 35320K, committed 35416K, reserved 1079296K
  class space    used 4604K, capacity 4913K, committed 4992K, reserved 1048576K
}

Deoptimization events (10 events):
Event: 11.534 Thread 0x00000000190b8000 Uncommon trap: reason=unstable_if action=reinterpret pc=0x0000000002f216c0 method=java.io.StringReader.read()I @ 19
Event: 11.717 Thread 0x0000000019283000 Uncommon trap: reason=unstable_if action=reinterpret pc=0x0000000002ca6ec0 method=org.objectweb.asm.ByteVector.putShort(I)Lorg/objectweb/asm/ByteVector; @ 13
Event: 11.745 Thread 0x00000000190b8000 Uncommon trap: reason=unstable_if action=reinterpret pc=0x0000000002c983e0 method=java.lang.String.regionMatches(ZILjava/lang/String;II)Z @ 123
Event: 11.745 Thread 0x00000000190b8000 Uncommon trap: reason=unstable_if action=reinterpret pc=0x0000000002abdba4 method=java.lang.String.regionMatches(ZILjava/lang/String;II)Z @ 123
Event: 11.751 Thread 0x00000000190b8000 Uncommon trap: reason=unstable_if action=reinterpret pc=0x0000000002edefa8 method=java.lang.ClassValue.match(Ljava/lang/ClassValue$Entry;)Z @ 12
Event: 11.784 Thread 0x00000000190b8000 Uncommon trap: reason=unstable_if action=reinterpret pc=0x0000000002ac760c method=sun.misc.URLClassPath$JarLoader.getResource(Ljava/lang/String;ZLjava/util/Set;)Lsun/misc/Resource; @ 17
Event: 11.982 Thread 0x00000000190b8000 Uncommon trap: reason=unstable_if action=reinterpret pc=0x0000000002bc2880 method=org.codehaus.groovy.runtime.metaclass.MetaMethodIndex.addMethodToList(Ljava/lang/Object;Lgroovy/lang/MetaMethod;)Ljava/lang/Object; @ 226
Event: 12.012 Thread 0x00000000190b8000 Uncommon trap: reason=unstable_if action=reinterpret pc=0x0000000002b46f90 method=java.util.HashMap.putVal(ILjava/lang/Object;Ljava/lang/Object;ZZ)Ljava/lang/Object; @ 162
Event: 12.014 Thread 0x00000000190b8000 Uncommon trap: reason=range_check action=make_not_entrant pc=0x0000000002ecae14 method=java.lang.String.charAt(I)C @ 27
Event: 12.058 Thread 0x00000000190b8000 Uncommon trap: reason=unstable_if action=reinterpret pc=0x00000000030c00ac method=java.util.Arrays.hashCode([Ljava/lang/Object;)I @ 34

Classes redefined (0 events):
No events

Internal exceptions (10 events):
Event: 12.042 Thread 0x00000000190b8000 Exception <a 'java/lang/ClassNotFoundException': org/gradle/initialization/SettingsScriptBeanInfo> (0x00000000e340ce58) thrown at [C:\src\AOSP-openjdk-git\hotspot\src\share\vm\classfile\systemDictionary.cpp, line 210]
Event: 12.042 Thread 0x00000000190b8000 Exception <a 'java/lang/ClassNotFoundException': org/gradle/plugin/use/internal/PluginsAwareScriptBeanInfo> (0x00000000e3426fd8) thrown at [C:\src\AOSP-openjdk-git\hotspot\src\share\vm\classfile\systemDictionary.cpp, line 210]
Event: 12.043 Thread 0x00000000190b8000 Exception <a 'java/lang/ClassNotFoundException': org/gradle/plugin/use/internal/PluginsAwareScriptCustomizer> (0x00000000e3442298) thrown at [C:\src\AOSP-openjdk-git\hotspot\src\share\vm\classfile\systemDictionary.cpp, line 210]
Event: 12.045 Thread 0x00000000190b8000 Exception <a 'java/lang/ClassNotFoundException': org/gradle/initialization/SettingsScriptCustomizer> (0x00000000e3462578) thrown at [C:\src\AOSP-openjdk-git\hotspot\src\share\vm\classfile\systemDictionary.cpp, line 210]
Event: 12.045 Thread 0x00000000190b8000 Exception <a 'java/lang/ClassNotFoundException': settings_dklkny7v859tzx96wyjc0runwCustomizer> (0x00000000e3476520) thrown at [C:\src\AOSP-openjdk-git\hotspot\src\share\vm\classfile\systemDictionary.cpp, line 210]
Event: 12.050 Thread 0x00000000190b8000 Exception <a 'java/lang/ClassNotFoundException': org/gradle/initialization/DefaultSettings_DecoratedBeanInfo> (0x00000000e3536d78) thrown at [C:\src\AOSP-openjdk-git\hotspot\src\share\vm\classfile\systemDictionary.cpp, line 210]
Event: 12.051 Thread 0x00000000190b8000 Exception <a 'java/lang/ClassNotFoundException': org/gradle/initialization/DefaultSettingsBeanInfo> (0x00000000e3561598) thrown at [C:\src\AOSP-openjdk-git\hotspot\src\share\vm\classfile\systemDictionary.cpp, line 210]
Event: 12.052 Thread 0x00000000190b8000 Exception <a 'java/lang/ClassNotFoundException': org/gradle/initialization/DefaultSettingsCustomizer> (0x00000000e358dca0) thrown at [C:\src\AOSP-openjdk-git\hotspot\src\share\vm\classfile\systemDictionary.cpp, line 210]
Event: 12.054 Thread 0x00000000190b8000 Exception <a 'java/lang/ClassNotFoundException': org/gradle/initialization/DefaultSettings_DecoratedCustomizer> (0x00000000e35fcac0) thrown at [C:\src\AOSP-openjdk-git\hotspot\src\share\vm\classfile\systemDictionary.cpp, line 210]
Event: 12.058 Thread 0x00000000190b8000 Implicit null exception at 0x00000000030bffef to 0x00000000030c008d

Events (10 events):
Event: 12.243 loading class org/gradle/model/internal/core/DefaultModelRegistration
Event: 12.243 loading class org/gradle/model/internal/core/DefaultModelRegistration done
Event: 12.244 loading class org/gradle/model/internal/registry/ModelGraph
Event: 12.244 loading class org/gradle/model/internal/registry/ModelGraph done
Event: 12.246 loading class org/gradle/model/internal/registry/ModelReferenceNode
Event: 12.246 loading class org/gradle/model/internal/registry/ModelReferenceNode done
Event: 12.248 loading class org/gradle/model/internal/core/DuplicateModelException
Event: 12.248 loading class org/gradle/model/internal/core/DuplicateModelException done
Event: 12.248 loading class org/gradle/model/internal/registry/RuleBindings
Event: 12.248 loading class org/gradle/model/internal/registry/RuleBindings done


Dynamic libraries:
0x00007ff6f0230000 - 0x00007ff6f0261000 	C:\Program Files\Android\Android Studio\jre\bin\java.exe
0x00007ff91bc10000 - 0x00007ff91be05000 	C:\WINDOWS\SYSTEM32\ntdll.dll
0x00007ff91b1e0000 - 0x00007ff91b29d000 	C:\WINDOWS\System32\KERNEL32.DLL
0x00007ff919690000 - 0x00007ff919959000 	C:\WINDOWS\System32\KERNELBASE.dll
0x00007ff91abd0000 - 0x00007ff91ac7c000 	C:\WINDOWS\System32\ADVAPI32.dll
0x00007ff91a120000 - 0x00007ff91a1be000 	C:\WINDOWS\System32\msvcrt.dll
0x00007ff91a080000 - 0x00007ff91a11c000 	C:\WINDOWS\System32\sechost.dll
0x00007ff91b2a0000 - 0x00007ff91b3cb000 	C:\WINDOWS\System32\RPCRT4.dll
0x00007ff919db0000 - 0x00007ff919f50000 	C:\WINDOWS\System32\USER32.dll
0x00007ff919660000 - 0x00007ff919682000 	C:\WINDOWS\System32\win32u.dll
0x00007ff91bba0000 - 0x00007ff91bbca000 	C:\WINDOWS\System32\GDI32.dll
0x00007ff919a10000 - 0x00007ff919b1b000 	C:\WINDOWS\System32\gdi32full.dll
0x00007ff919b50000 - 0x00007ff919bed000 	C:\WINDOWS\System32\msvcp_win.dll
0x00007ff919350000 - 0x00007ff919450000 	C:\WINDOWS\System32\ucrtbase.dll
0x00007ff902ea0000 - 0x00007ff90313a000 	C:\WINDOWS\WinSxS\amd64_microsoft.windows.common-controls_6595b64144ccf1df_6.0.19041.844_none_ca00b6081b84eb1d\COMCTL32.dll
0x00007ff91a370000 - 0x00007ff91a3a0000 	C:\WINDOWS\System32\IMM32.DLL
0x000000006e970000 - 0x000000006ea42000 	C:\Program Files\Android\Android Studio\jre\jre\bin\msvcr100.dll
0x000000006ea50000 - 0x000000006f29b000 	C:\Program Files\Android\Android Studio\jre\jre\bin\server\jvm.dll
0x00007ff91b4e0000 - 0x00007ff91b4e8000 	C:\WINDOWS\System32\PSAPI.DLL
0x00007ff902890000 - 0x00007ff902899000 	C:\WINDOWS\SYSTEM32\WSOCK32.dll
0x00007ff91ac80000 - 0x00007ff91aceb000 	C:\WINDOWS\System32\WS2_32.dll
0x00007ff9039e0000 - 0x00007ff903a07000 	C:\WINDOWS\SYSTEM32\WINMM.dll
0x00007ff910160000 - 0x00007ff91016a000 	C:\WINDOWS\SYSTEM32\VERSION.dll
0x00007ff912a40000 - 0x00007ff912a4f000 	C:\Program Files\Android\Android Studio\jre\jre\bin\verify.dll
0x00007ff901960000 - 0x00007ff901989000 	C:\Program Files\Android\Android Studio\jre\jre\bin\java.dll
0x00007ff908900000 - 0x00007ff908916000 	C:\Program Files\Android\Android Studio\jre\jre\bin\zip.dll
0x00007ff91a3a0000 - 0x00007ff91aae2000 	C:\WINDOWS\System32\SHELL32.dll
0x00007ff917490000 - 0x00007ff917c20000 	C:\WINDOWS\SYSTEM32\windows.storage.dll
0x00007ff91b840000 - 0x00007ff91bb95000 	C:\WINDOWS\System32\combase.dll
0x00007ff918dc0000 - 0x00007ff918dec000 	C:\WINDOWS\SYSTEM32\Wldp.dll
0x00007ff919d00000 - 0x00007ff919dae000 	C:\WINDOWS\System32\SHCORE.dll
0x00007ff91ab50000 - 0x00007ff91aba5000 	C:\WINDOWS\System32\shlwapi.dll
0x00007ff919290000 - 0x00007ff9192af000 	C:\WINDOWS\SYSTEM32\profapi.dll
0x00007ff906f40000 - 0x00007ff906f5a000 	C:\Program Files\Android\Android Studio\jre\jre\bin\net.dll
0x00007ff918b40000 - 0x00007ff918baa000 	C:\WINDOWS\system32\mswsock.dll
0x00007ff906f00000 - 0x00007ff906f13000 	C:\Program Files\Android\Android Studio\jre\jre\bin\nio.dll
0x00007ff906d70000 - 0x00007ff906d97000 	C:\Users\muatazmedini\.gradle\native\f6784746aeab05261644944871eae4fe03e0ef1612fff0a4a95f87b438bc6780\windows-amd64\native-platform.dll
0x00007ff911db0000 - 0x00007ff911dbd000 	C:\Program Files\Android\Android Studio\jre\jre\bin\management.dll
0x00007ff918d10000 - 0x00007ff918d28000 	C:\WINDOWS\SYSTEM32\CRYPTSP.dll
0x00007ff918470000 - 0x00007ff9184a4000 	C:\WINDOWS\system32\rsaenh.dll
0x00007ff919b20000 - 0x00007ff919b47000 	C:\WINDOWS\System32\bcrypt.dll
0x00007ff919250000 - 0x00007ff91927e000 	C:\WINDOWS\SYSTEM32\USERENV.dll
0x00007ff919bf0000 - 0x00007ff919c70000 	C:\WINDOWS\System32\bcryptprimitives.dll
0x00007ff918d30000 - 0x00007ff918d3c000 	C:\WINDOWS\SYSTEM32\CRYPTBASE.dll
0x00007ff9187e0000 - 0x00007ff91881b000 	C:\WINDOWS\SYSTEM32\IPHLPAPI.DLL
0x00007ff91abb0000 - 0x00007ff91abb8000 	C:\WINDOWS\System32\NSI.dll
0x00007ff910220000 - 0x00007ff910237000 	C:\WINDOWS\SYSTEM32\dhcpcsvc6.DLL
0x00007ff910600000 - 0x00007ff91061d000 	C:\WINDOWS\SYSTEM32\dhcpcsvc.DLL
0x00007ff918820000 - 0x00007ff9188eb000 	C:\WINDOWS\SYSTEM32\DNSAPI.dll
0x00007ff912430000 - 0x00007ff91243b000 	C:\WINDOWS\SYSTEM32\WINNSI.DLL

VM Arguments:
jvm_args: -Xmx1536m -Dfile.encoding=windows-1252 -Duser.country=IN -Duser.language=en -Duser.variant 
java_command: org.gradle.launcher.daemon.bootstrap.GradleDaemon 6.5
java_class_path (initial): C:\Users\muatazmedini\.gradle\wrapper\dists\gradle-6.5-bin\6nifqtx7604sqp1q6g8wikw7p\gradle-6.5\lib\gradle-launcher-6.5.jar
Launcher Type: SUN_STANDARD

Environment Variables:
JAVA_HOME=C:\Program Files\Java\jdk1.8.0_152
JRE_HOME=C:\Program Files\Java\jre1.8.0_191
PATH=C:\ProgramData\Oracle\Java\javapath;C:\Program Files (x86)\Common Files\Oracle\Java\javapath;C:\Program Files (x86)\Intel\Intel(R) Management Engine Components\iCLS\;C:\Program Files\Intel\Intel(R) Management Engine Components\iCLS\;C:\WINDOWS\system32;C:\WINDOWS;C:\WINDOWS\System32\Wbem;C:\WINDOWS\System32\WindowsPowerShell\v1.0\;C:\Program Files (x86)\Intel\Intel(R) Management Engine Components\DAL;C:\Program Files\Intel\Intel(R) Management Engine Components\DAL;C:\Program Files (x86)\Intel\Intel(R) Management Engine Components\IPT;C:\Program Files\Intel\Intel(R) Management Engine Components\IPT;C:\Program Files\Java\jdk1.8.0_152\bin;C:\Program Files\Java\jre1.8.0_152\bin;C:\Users\muatazmedini\AppData\Local\Android\Sdk\platform-tools;C:\Program Files\PuTTY\;C:\WINDOWS\System32\OpenSSH\;C:\Program Files\maven\apache-maven-3.6.1\bin;C:\Program Files\PostgreSQL\11\bin;C:\Program Files\PostgreSQL\11\lib;C:\Program Files\Intel\WiFi\bin\;C:\Program Files\Common Files\Intel\WirelessCommon\;D:\OpenSSL\bin;C:\Program Files\dotnet\;C:\Program Files (x86)\Graphviz2.38\bin;C:\Program Files\Microsoft SQL Server\130\Tools\Binn\;C:\Users\muatazmedini\AppData\Local\Microsoft\WindowsApps;C:\Program Files\JetBrains\IntelliJ IDEA 2018.3.1\bin;;C:\Program Files\MongoDB\Server\4.0\bin;C:\Users\muatazmedini\.dotnet\tools;C:\Program Files\JetBrains\IntelliJ IDEA Community Edition 2020.2.3\bin;;
USERNAME=muatazmedini
OS=Windows_NT
PROCESSOR_IDENTIFIER=Intel64 Family 6 Model 142 Stepping 10, GenuineIntel



---------------  S Y S T E M  ---------------

OS: Windows 10.0 , 64 bit Build 19041 (10.0.19041.804)

CPU:total 8 (initial active 8) (4 cores per cpu, 2 threads per core) family 6 model 142 stepping 10, cmov, cx8, fxsr, mmx, sse, sse2, sse3, ssse3, sse4.1, sse4.2, popcnt, avx, avx2, aes, clmul, erms, 3dnowpref, lzcnt, ht, tsc, tscinvbit, bmi1, bmi2, adx

Memory: 4k page, physical 16607352k(2115524k free), swap 51276404k(4644k free)

vm_info: OpenJDK 64-Bit Server VM (25.242-b01) for windows-amd64 JRE (1.8.0_242-release-1644-b01), built by "builder" with MS VC++ 10.0 (VS2010)

time: Wed Apr 28 12:29:13 2021
timezone: India Standard Time
elapsed time: 12 seconds (0d 0h 0m 12s)

